Using pre-set license
Built from '2020.3/staging' branch; Version is '2020.3.17f1 (a4537701e4ab) revision 10769271'; Using compiler version '192528614'; Build Type 'Release'
OS: 'Windows 10 Pro; OS build 19042.1288; Version 2009; 64bit' Language: 'ko' Physical Memory: 16240 MB
BatchMode: 1, IsHumanControllingUs: 0, StartBugReporterOnCrash: 0, Is64bit: 1, IsPro: 0

COMMAND LINE ARGUMENTS:
C:\Program Files\2020.3.17f1\Editor\Unity.exe
-adb2
-batchMode
-noUpm
-name
AssetImportWorker0
-projectPath
C:/Users/hyunb/Documents/Github/Group_2_Project/Group2 Project
-logFile
Logs/AssetImportWorker0.log
-srvPort
9263
Successfully changed project path to: C:/Users/hyunb/Documents/Github/Group_2_Project/Group2 Project
C:/Users/hyunb/Documents/Github/Group_2_Project/Group2 Project
Using Asset Import Pipeline V2.
Refreshing native plugins compatible for Editor in 40.24 ms, found 2 plugins.
Preloading 0 native plugins for Editor in 0.00 ms.
Initialize engine version: 2020.3.17f1 (a4537701e4ab)
[Subsystems] Discovering subsystems at path C:/Program Files/2020.3.17f1/Editor/Data/Resources/UnitySubsystems
[Subsystems] Discovering subsystems at path C:/Users/hyunb/Documents/Github/Group_2_Project/Group2 Project/Assets
GfxDevice: creating device client; threaded=0
Direct3D:
    Version:  Direct3D 11.0 [level 11.1]
    Renderer: NVIDIA GeForce GTX 1060 (ID=0x1c20)
    Vendor:   
    VRAM:     6052 MB
    Driver:   30.0.14.9613
Initialize mono
Mono path[0] = 'C:/Program Files/2020.3.17f1/Editor/Data/Managed'
Mono path[1] = 'C:/Program Files/2020.3.17f1/Editor/Data/MonoBleedingEdge/lib/mono/unityjit'
Mono config path = 'C:/Program Files/2020.3.17f1/Editor/Data/MonoBleedingEdge/etc'
Using monoOptions --debugger-agent=transport=dt_socket,embedding=1,server=y,suspend=n,address=127.0.0.1:56608
Begin MonoManager ReloadAssembly
Registering precompiled unity dll's ...
Register platform support module: C:/Program Files/2020.3.17f1/Editor/Data/PlaybackEngines/WindowsStandaloneSupport/UnityEditor.WindowsStandalone.Extensions.dll
Registered in 0.004050 seconds.
Native extension for WindowsStandalone target not found
Refreshing native plugins compatible for Editor in 43.63 ms, found 2 plugins.
Preloading 0 native plugins for Editor in 0.00 ms.
Mono: successfully reloaded assembly
- Completed reload, in  1.723 seconds
Domain Reload Profiling:
	ReloadAssembly (1723ms)
		BeginReloadAssembly (102ms)
			ExecutionOrderSort (0ms)
			DisableScriptedObjects (0ms)
			BackupInstance (0ms)
			ReleaseScriptingObjects (0ms)
			CreateAndSetChildDomain (1ms)
		EndReloadAssembly (575ms)
			LoadAssemblies (94ms)
			RebuildTransferFunctionScriptingTraits (0ms)
			SetupTypeCache (236ms)
			ReleaseScriptCaches (0ms)
			RebuildScriptCaches (42ms)
			SetupLoadedEditorAssemblies (192ms)
				LogAssemblyErrors (0ms)
				InitializePlatformSupportModulesInManaged (4ms)
				SetLoadedEditorAssemblies (0ms)
				RefreshPlugins (44ms)
				BeforeProcessingInitializeOnLoad (18ms)
				ProcessInitializeOnLoadAttributes (94ms)
				ProcessInitializeOnLoadMethodAttributes (32ms)
				AfterProcessingInitializeOnLoad (0ms)
				EditorAssembliesLoaded (0ms)
			ExecutionOrderSort2 (0ms)
			AwakeInstancesAfterBackupRestoration (0ms)
Platform modules already initialized, skipping
Registering precompiled user dll's ...
Registered in 0.008265 seconds.
Begin MonoManager ReloadAssembly
Native extension for WindowsStandalone target not found
Refreshing native plugins compatible for Editor in 0.54 ms, found 2 plugins.
Preloading 0 native plugins for Editor in 0.00 ms.
Mono: successfully reloaded assembly
- Completed reload, in  1.355 seconds
Domain Reload Profiling:
	ReloadAssembly (1356ms)
		BeginReloadAssembly (189ms)
			ExecutionOrderSort (0ms)
			DisableScriptedObjects (5ms)
			BackupInstance (0ms)
			ReleaseScriptingObjects (0ms)
			CreateAndSetChildDomain (20ms)
		EndReloadAssembly (1077ms)
			LoadAssemblies (127ms)
			RebuildTransferFunctionScriptingTraits (0ms)
			SetupTypeCache (318ms)
			ReleaseScriptCaches (0ms)
			RebuildScriptCaches (45ms)
			SetupLoadedEditorAssemblies (492ms)
				LogAssemblyErrors (0ms)
				InitializePlatformSupportModulesInManaged (6ms)
				SetLoadedEditorAssemblies (1ms)
				RefreshPlugins (1ms)
				BeforeProcessingInitializeOnLoad (116ms)
				ProcessInitializeOnLoadAttributes (347ms)
				ProcessInitializeOnLoadMethodAttributes (6ms)
				AfterProcessingInitializeOnLoad (15ms)
				EditorAssembliesLoaded (0ms)
			ExecutionOrderSort2 (0ms)
			AwakeInstancesAfterBackupRestoration (8ms)
Platform modules already initialized, skipping
========================================================================
Worker process is ready to serve import requests
Launched and connected shader compiler UnityShaderCompiler.exe after 0.09 seconds
Refreshing native plugins compatible for Editor in 0.41 ms, found 2 plugins.
Preloading 0 native plugins for Editor in 0.00 ms.
Unloading 1398 Unused Serialized files (Serialized files now loaded: 0)
System memory in use before: 79.2 MB.
System memory in use after: 79.3 MB.

Unloading 18 unused Assets to reduce memory usage. Loaded Objects now: 1851.
Total: 2.832100 ms (FindLiveObjects: 0.143500 ms CreateObjectMapping: 0.045700 ms MarkObjects: 2.572200 ms  DeleteObjects: 0.069300 ms)

AssetImportParameters requested are different than current active one (requested -> active):
  custom:framework-win-MediaFoundation: 216162199b28c13a410421893ffa2e32 -> 
  custom:video-decoder-ogg-theora: a1e56fd34408186e4bbccfd4996cb3dc -> 
  custom:container-muxer-webm: aa71ff27fc2769a1b78a27578f13a17b -> 
  custom:container-demuxer-webm: 4f35f7cbe854078d1ac9338744f61a02 -> 
  custom:container-demuxer-ogg: 62fdf1f143b41e24485cea50d1cbac27 -> 
  custom:video-encoder-webm-vp8: eb34c28f22e8b96e1ab97ce403110664 -> 
  custom:video-decoder-webm-vp8: 9c59270c3fd7afecdb556c50c9e8de78 -> 
  custom:audio-decoder-ogg-vorbis: bf7c407c2cedff20999df2af8eb42d56 -> 
  custom:audio-encoder-webm-vorbis: bf7c407c2cedff20999df2af8eb42d56 -> 
========================================================================
Received Import Request.
  path: Assets/grass.jpg
  artifactKey: Guid(88100d7e5800908429eb9df6de445eb1) Importer(815301076,1909f56bfc062723c751e8b465ee728b)
Start importing Assets/grass.jpg using Guid(88100d7e5800908429eb9df6de445eb1) Importer(815301076,1909f56bfc062723c751e8b465ee728b)  -> (artifact id: '59dd630c728f65d85805f7517f8f62f0') in 0.093883 seconds 
  Import took 0.096484 seconds .

========================================================================
Received Import Request.
  Time since last request: 3.452713 seconds.
  path: Assets/grass.jpg
  artifactKey: Guid(88100d7e5800908429eb9df6de445eb1) Importer(815301076,1909f56bfc062723c751e8b465ee728b)
Start importing Assets/grass.jpg using Guid(88100d7e5800908429eb9df6de445eb1) Importer(815301076,1909f56bfc062723c751e8b465ee728b)  -> (artifact id: '59dd630c728f65d85805f7517f8f62f0') in 0.040810 seconds 
  Import took 0.045413 seconds .

========================================================================
Received Import Request.
  Time since last request: 37.603894 seconds.
  path: Assets/grass.mat
  artifactKey: Guid(8e2a62e5faf95a44793e1de89bb579b7) Importer(815301076,1909f56bfc062723c751e8b465ee728b)
Start importing Assets/grass.mat using Guid(8e2a62e5faf95a44793e1de89bb579b7) Importer(815301076,1909f56bfc062723c751e8b465ee728b)  -> (artifact id: 'b89eb3bafc35994626735010cadb9635') in 0.113604 seconds 
  Import took 0.117590 seconds .

========================================================================
Received Import Request.
  Time since last request: 11.388388 seconds.
  path: Assets/FourEvilDragonsHP/Texture/DragonNightmare/AlbinoHP.png
  artifactKey: Guid(567379e57808cd747b2f0e08790e0d76) Importer(815301076,1909f56bfc062723c751e8b465ee728b)
Start importing Assets/FourEvilDragonsHP/Texture/DragonNightmare/AlbinoHP.png using Guid(567379e57808cd747b2f0e08790e0d76) Importer(815301076,1909f56bfc062723c751e8b465ee728b)  -> (artifact id: '2743a93a92bb0dcfe9e7442e693523e4') in 0.070129 seconds 
  Import took 0.075609 seconds .

========================================================================
Received Import Request.
  Time since last request: 0.000448 seconds.
  path: Assets/FourEvilDragonsHP/Texture/DragonTerrorBringer/BlueHP.png
  artifactKey: Guid(2f825827868c75a4fa366c81b5d8b977) Importer(815301076,1909f56bfc062723c751e8b465ee728b)
Start importing Assets/FourEvilDragonsHP/Texture/DragonTerrorBringer/BlueHP.png using Guid(2f825827868c75a4fa366c81b5d8b977) Importer(815301076,1909f56bfc062723c751e8b465ee728b)  -> (artifact id: '64237f2e3b79c1faae9d93aa7b5ed538') in 0.036865 seconds 
  Import took 0.041592 seconds .

========================================================================
Received Import Request.
  Time since last request: 0.000481 seconds.
  path: Assets/FourEvilDragonsHP/Texture/DragonSoulEater/GreenHP.png
  artifactKey: Guid(017f8d11e173752489627e4b72684e41) Importer(815301076,1909f56bfc062723c751e8b465ee728b)
Start importing Assets/FourEvilDragonsHP/Texture/DragonSoulEater/GreenHP.png using Guid(017f8d11e173752489627e4b72684e41) Importer(815301076,1909f56bfc062723c751e8b465ee728b)  -> (artifact id: '9f8923f9388718c5a405ba00d76dc9be') in 0.034401 seconds 
  Import took 0.039836 seconds .

========================================================================
Received Import Request.
  Time since last request: 0.000396 seconds.
  path: Assets/FourEvilDragonsHP/Texture/DragonNightmare/GreenHP.png
  artifactKey: Guid(9dba242174cb8a2479a67b286bf5a92c) Importer(815301076,1909f56bfc062723c751e8b465ee728b)
Start importing Assets/FourEvilDragonsHP/Texture/DragonNightmare/GreenHP.png using Guid(9dba242174cb8a2479a67b286bf5a92c) Importer(815301076,1909f56bfc062723c751e8b465ee728b)  -> (artifact id: '6f001beaed989d0b9b053f1fd9656fe5') in 0.033225 seconds 
  Import took 0.037255 seconds .

========================================================================
Received Import Request.
  Time since last request: 0.000359 seconds.
  path: Assets/FourEvilDragonsHP/Texture/DragonNightmare/DarkblueHP.png
  artifactKey: Guid(83df07905e20b824d8be5a7ce7876c00) Importer(815301076,1909f56bfc062723c751e8b465ee728b)
Start importing Assets/FourEvilDragonsHP/Texture/DragonNightmare/DarkblueHP.png using Guid(83df07905e20b824d8be5a7ce7876c00) Importer(815301076,1909f56bfc062723c751e8b465ee728b)  -> (artifact id: '62448694899eded291947a68850a3380') in 0.040979 seconds 
  Import took 0.045720 seconds .

========================================================================
Received Import Request.
  Time since last request: 0.000389 seconds.
  path: Assets/FourEvilDragonsHP/Texture/DragonNightmare/BlueHP.png
  artifactKey: Guid(7bc2111318adeb14684c06f70d594a45) Importer(815301076,1909f56bfc062723c751e8b465ee728b)
Start importing Assets/FourEvilDragonsHP/Texture/DragonNightmare/BlueHP.png using Guid(7bc2111318adeb14684c06f70d594a45) Importer(815301076,1909f56bfc062723c751e8b465ee728b)  -> (artifact id: '3b2fdcaaafe89baf38405a84b4ae2312') in 0.027380 seconds 
  Import took 0.032189 seconds .

========================================================================
Received Import Request.
  Time since last request: 0.000378 seconds.
  path: Assets/FourEvilDragonsHP/Texture/DragonUsurper/BlueHP.png
  artifactKey: Guid(bd6a5ac65d3f73a48bdbc2102872fac0) Importer(815301076,1909f56bfc062723c751e8b465ee728b)
Start importing Assets/FourEvilDragonsHP/Texture/DragonUsurper/BlueHP.png using Guid(bd6a5ac65d3f73a48bdbc2102872fac0) Importer(815301076,1909f56bfc062723c751e8b465ee728b)  -> (artifact id: '311e4b12cde14441cca35bd1ed66375b') in 0.031482 seconds 
  Import took 0.035827 seconds .

========================================================================
Received Import Request.
  Time since last request: 0.000433 seconds.
  path: Assets/Stylized 3D Tools/Textures/axe01.psd
  artifactKey: Guid(4c16144dffb171948b60a4e94e979bb4) Importer(815301076,1909f56bfc062723c751e8b465ee728b)
Start importing Assets/Stylized 3D Tools/Textures/axe01.psd using Guid(4c16144dffb171948b60a4e94e979bb4) Importer(815301076,1909f56bfc062723c751e8b465ee728b)  -> (artifact id: '3b3cb7bf72f168178168f9651c01a712') in 0.126518 seconds 
  Import took 0.134022 seconds .

========================================================================
Received Import Request.
  Time since last request: 0.000348 seconds.
  path: Assets/Stylized 3D Tools/Textures/axe01_normal.psd
  artifactKey: Guid(a882d10cd9358b54d810e603cc75dbac) Importer(815301076,1909f56bfc062723c751e8b465ee728b)
Start importing Assets/Stylized 3D Tools/Textures/axe01_normal.psd using Guid(a882d10cd9358b54d810e603cc75dbac) Importer(815301076,1909f56bfc062723c751e8b465ee728b)  -> (artifact id: '0748046a9a699798772f88cd1b7d1804') in 0.072983 seconds 
  Import took 0.079704 seconds .

========================================================================
Received Import Request.
  Time since last request: 0.000392 seconds.
  path: Assets/Stylized 3D Tools/Textures/axe01.psd
  artifactKey: Guid(4c16144dffb171948b60a4e94e979bb4) Importer(815301076,1909f56bfc062723c751e8b465ee728b)
Start importing Assets/Stylized 3D Tools/Textures/axe01.psd using Guid(4c16144dffb171948b60a4e94e979bb4) Importer(815301076,1909f56bfc062723c751e8b465ee728b)  -> (artifact id: '3b3cb7bf72f168178168f9651c01a712') in 0.051888 seconds 
  Import took 0.058373 seconds .

========================================================================
Received Import Request.
  Time since last request: 0.000578 seconds.
  path: Assets/FourEvilDragonsHP/Texture/DragonUsurper/GreenHP.png
  artifactKey: Guid(7a1f130c4e7de554bb8a7f12d6a06ff1) Importer(815301076,1909f56bfc062723c751e8b465ee728b)
Start importing Assets/FourEvilDragonsHP/Texture/DragonUsurper/GreenHP.png using Guid(7a1f130c4e7de554bb8a7f12d6a06ff1) Importer(815301076,1909f56bfc062723c751e8b465ee728b)  -> (artifact id: 'd25cae739a004ad22fb557c80bf65381') in 0.031137 seconds 
  Import took 0.035046 seconds .

========================================================================
Received Import Request.
  Time since last request: 0.000583 seconds.
  path: Assets/FourEvilDragonsHP/Texture/DragonSoulEater/BlueHP.png
  artifactKey: Guid(11ae2c7ef2ee4f745810a00f1cbbd469) Importer(815301076,1909f56bfc062723c751e8b465ee728b)
Start importing Assets/FourEvilDragonsHP/Texture/DragonSoulEater/BlueHP.png using Guid(11ae2c7ef2ee4f745810a00f1cbbd469) Importer(815301076,1909f56bfc062723c751e8b465ee728b)  -> (artifact id: 'b0fc870ea9be7c4b0ec074433e9671e0') in 0.025648 seconds 
  Import took 0.029380 seconds .

========================================================================
Received Import Request.
  Time since last request: 0.000298 seconds.
  path: Assets/FourEvilDragonsHP/Texture/DragonTerrorBringer/GreenHP.png
  artifactKey: Guid(4ef9c4d0fc5de6a47a24a3f2185af46b) Importer(815301076,1909f56bfc062723c751e8b465ee728b)
Start importing Assets/FourEvilDragonsHP/Texture/DragonTerrorBringer/GreenHP.png using Guid(4ef9c4d0fc5de6a47a24a3f2185af46b) Importer(815301076,1909f56bfc062723c751e8b465ee728b)  -> (artifact id: '6c3f1ff753fc2aa25429d2193addb44e') in 0.030861 seconds 
  Import took 0.035242 seconds .

========================================================================
Received Import Request.
  Time since last request: 11.639439 seconds.
  path: Assets/FourEvilDragonsHP/Texture/DragonSoulEater/GreyHP.png
  artifactKey: Guid(cccba017d3327554eb393b69a5434097) Importer(815301076,1909f56bfc062723c751e8b465ee728b)
Start importing Assets/FourEvilDragonsHP/Texture/DragonSoulEater/GreyHP.png using Guid(cccba017d3327554eb393b69a5434097) Importer(815301076,1909f56bfc062723c751e8b465ee728b)  -> (artifact id: '5688b37c74e8a5737cd042a4e50c9374') in 0.029844 seconds 
  Import took 0.034919 seconds .

========================================================================
Received Import Request.
  Time since last request: 0.000389 seconds.
  path: Assets/Stylized 3D Tools/Textures/hammer01_normal.PSD
  artifactKey: Guid(dd975f56bf147cc43a99dc4fceb6b291) Importer(815301076,1909f56bfc062723c751e8b465ee728b)
Start importing Assets/Stylized 3D Tools/Textures/hammer01_normal.PSD using Guid(dd975f56bf147cc43a99dc4fceb6b291) Importer(815301076,1909f56bfc062723c751e8b465ee728b)  -> (artifact id: '1ec87a46bdfec131001e3ec24bf28814') in 0.054655 seconds 
  Import took 0.061096 seconds .

========================================================================
Received Import Request.
  Time since last request: 0.000335 seconds.
  path: Assets/Stylized 3D Tools/Textures/hammer01.psd
  artifactKey: Guid(027d0aa6e2fbbd243b498ef716d0fa1c) Importer(815301076,1909f56bfc062723c751e8b465ee728b)
Start importing Assets/Stylized 3D Tools/Textures/hammer01.psd using Guid(027d0aa6e2fbbd243b498ef716d0fa1c) Importer(815301076,1909f56bfc062723c751e8b465ee728b)  -> (artifact id: '408fda3a4e2435d13ab5d4b8d2ddd021') in 0.057419 seconds 
  Import took 0.064358 seconds .

========================================================================
Received Import Request.
  Time since last request: 0.000348 seconds.
  path: Assets/FourEvilDragonsHP/Texture/DragonSoulEater/GreyHP.png
  artifactKey: Guid(cccba017d3327554eb393b69a5434097) Importer(815301076,1909f56bfc062723c751e8b465ee728b)
Start importing Assets/FourEvilDragonsHP/Texture/DragonSoulEater/GreyHP.png using Guid(cccba017d3327554eb393b69a5434097) Importer(815301076,1909f56bfc062723c751e8b465ee728b)  -> (artifact id: '5688b37c74e8a5737cd042a4e50c9374') in 0.028338 seconds 
  Import took 0.032798 seconds .

========================================================================
Received Import Request.
  Time since last request: 0.282630 seconds.
  path: Assets/Stylized 3D Tools/Textures/pickaxe01.psd
  artifactKey: Guid(ed7b6d2efc64d8947a478f9bc1c237b7) Importer(815301076,1909f56bfc062723c751e8b465ee728b)
Start importing Assets/Stylized 3D Tools/Textures/pickaxe01.psd using Guid(ed7b6d2efc64d8947a478f9bc1c237b7) Importer(815301076,1909f56bfc062723c751e8b465ee728b)  -> (artifact id: '3703dfa5b5575bcdc41879b064573126') in 0.044076 seconds 
  Import took 0.052051 seconds .

========================================================================
Received Import Request.
  Time since last request: 4.662054 seconds.
  path: Assets/Stylized 3D Tools/Textures/pickaxe01_normal.psd
  artifactKey: Guid(73715e09af25bec458bd5b4235929c31) Importer(815301076,1909f56bfc062723c751e8b465ee728b)
Start importing Assets/Stylized 3D Tools/Textures/pickaxe01_normal.psd using Guid(73715e09af25bec458bd5b4235929c31) Importer(815301076,1909f56bfc062723c751e8b465ee728b)  -> (artifact id: '97f8129a6c8bb55fd58a38d89491cf8a') in 0.048228 seconds 
  Import took 0.055103 seconds .

========================================================================
Received Import Request.
  Time since last request: 0.000405 seconds.
  path: Assets/FourEvilDragonsHP/Texture/DragonTerrorBringer/purpleHP.png
  artifactKey: Guid(75239c16f6a0b7d4293cac07f14f0c33) Importer(815301076,1909f56bfc062723c751e8b465ee728b)
Start importing Assets/FourEvilDragonsHP/Texture/DragonTerrorBringer/purpleHP.png using Guid(75239c16f6a0b7d4293cac07f14f0c33) Importer(815301076,1909f56bfc062723c751e8b465ee728b)  -> (artifact id: 'f6ae18754603cd4ea47a5f255a664244') in 0.031928 seconds 
  Import took 0.037155 seconds .

========================================================================
Received Import Request.
  Time since last request: 0.000506 seconds.
  path: Assets/Low-Poly Weapons/Textures/Potions.tif
  artifactKey: Guid(33717b16713914784b0db03854ccfa16) Importer(815301076,1909f56bfc062723c751e8b465ee728b)
Start importing Assets/Low-Poly Weapons/Textures/Potions.tif using Guid(33717b16713914784b0db03854ccfa16) Importer(815301076,1909f56bfc062723c751e8b465ee728b)  -> (artifact id: '81446029ad9495a1b06a767d58ab6ef6') in 0.044643 seconds 
  Import took 0.049044 seconds .

========================================================================
Received Import Request.
  Time since last request: 0.000430 seconds.
  path: Assets/FourEvilDragonsHP/Texture/DragonTerrorBringer/RedHP.png
  artifactKey: Guid(d39af39ab22387543ad267780dfc7144) Importer(815301076,1909f56bfc062723c751e8b465ee728b)
Start importing Assets/FourEvilDragonsHP/Texture/DragonTerrorBringer/RedHP.png using Guid(d39af39ab22387543ad267780dfc7144) Importer(815301076,1909f56bfc062723c751e8b465ee728b)  -> (artifact id: '9fb1b33a406ed5277776302eb7bb281f') in 0.039174 seconds 
  Import took 0.043865 seconds .

========================================================================
Received Import Request.
  Time since last request: 0.000498 seconds.
  path: Assets/Stylized 3D Tools/Textures/pickaxe01_normal.psd
  artifactKey: Guid(73715e09af25bec458bd5b4235929c31) Importer(815301076,1909f56bfc062723c751e8b465ee728b)
Start importing Assets/Stylized 3D Tools/Textures/pickaxe01_normal.psd using Guid(73715e09af25bec458bd5b4235929c31) Importer(815301076,1909f56bfc062723c751e8b465ee728b)  -> (artifact id: '97f8129a6c8bb55fd58a38d89491cf8a') in 0.046067 seconds 
  Import took 0.052691 seconds .

========================================================================
Received Import Request.
  Time since last request: 0.000424 seconds.
  path: Assets/Low-Poly Weapons/Textures/Weapons.tif
  artifactKey: Guid(2e9da1baa9a7a4e2f83f1bc63bf855ba) Importer(815301076,1909f56bfc062723c751e8b465ee728b)
Start importing Assets/Low-Poly Weapons/Textures/Weapons.tif using Guid(2e9da1baa9a7a4e2f83f1bc63bf855ba) Importer(815301076,1909f56bfc062723c751e8b465ee728b)  -> (artifact id: '50f589fc95a6d5890f290017576a1db6') in 0.029114 seconds 
  Import took 0.032862 seconds .

========================================================================
Received Import Request.
  Time since last request: 0.000408 seconds.
  path: Assets/FourEvilDragonsHP/Texture/DragonUsurper/RedHP.png
  artifactKey: Guid(8afba6e8fe9a67344ab7cb4677d3da0f) Importer(815301076,1909f56bfc062723c751e8b465ee728b)
Start importing Assets/FourEvilDragonsHP/Texture/DragonUsurper/RedHP.png using Guid(8afba6e8fe9a67344ab7cb4677d3da0f) Importer(815301076,1909f56bfc062723c751e8b465ee728b)  -> (artifact id: '80852580cfe6caeac487b8fd1a5c1c51') in 0.035231 seconds 
  Import took 0.039626 seconds .

========================================================================
Received Import Request.
  Time since last request: 0.000380 seconds.
  path: Assets/FourEvilDragonsHP/Texture/DragonSoulEater/RedHP.png
  artifactKey: Guid(461e87db4defbab4799dbce04acadf0a) Importer(815301076,1909f56bfc062723c751e8b465ee728b)
Start importing Assets/FourEvilDragonsHP/Texture/DragonSoulEater/RedHP.png using Guid(461e87db4defbab4799dbce04acadf0a) Importer(815301076,1909f56bfc062723c751e8b465ee728b)  -> (artifact id: '97700b09413b39d7f3780fa98f645cbc') in 0.026100 seconds 
  Import took 0.030359 seconds .

========================================================================
Received Import Request.
  Time since last request: 0.000512 seconds.
  path: Assets/FourEvilDragonsHP/Texture/DragonUsurper/PurpleHP.png
  artifactKey: Guid(005cc54167f5bc347bda1b165320388f) Importer(815301076,1909f56bfc062723c751e8b465ee728b)
Start importing Assets/FourEvilDragonsHP/Texture/DragonUsurper/PurpleHP.png using Guid(005cc54167f5bc347bda1b165320388f) Importer(815301076,1909f56bfc062723c751e8b465ee728b)  -> (artifact id: '5288fa55db43f656086cbc9793408922') in 0.044609 seconds 
  Import took 0.049220 seconds .

========================================================================
Received Import Request.
  Time since last request: 166.606980 seconds.
  path: Assets/NewLayer.terrainlayer
  artifactKey: Guid(f210b55805c3345489b77d4d7a7550bd) Importer(815301076,1909f56bfc062723c751e8b465ee728b)
Start importing Assets/NewLayer.terrainlayer using Guid(f210b55805c3345489b77d4d7a7550bd) Importer(815301076,1909f56bfc062723c751e8b465ee728b)  -> (artifact id: '25a4c607c62cde67fcc3071c04295fa8') in 0.035982 seconds 
  Import took 0.041120 seconds .

========================================================================
Received Import Request.
  Time since last request: 0.000311 seconds.
  path: Assets/Terrain.asset
  artifactKey: Guid(31a26538c4dbc29408344a6eae349f85) Importer(815301076,1909f56bfc062723c751e8b465ee728b)
Start importing Assets/Terrain.asset using Guid(31a26538c4dbc29408344a6eae349f85) Importer(815301076,1909f56bfc062723c751e8b465ee728b)  -> (artifact id: '41aea76cfc0fc495a547f8f04802a2d4') in 0.034539 seconds 
  Import took 0.038427 seconds .

AssetImportWorkerClient::OnTransportError - code=2 error=End of file
